<?xml version="1.0" encoding="UTF-8"?>
<!-- Generated by org.testng.reporters.JUnitReportReporter -->
<testsuite skipped="0" hostname="Amar" name="pac1.Jenkins_2" tests="1" failures="0" timestamp="17 Aug 2020 05:32:14 GMT" time="25.514" errors="0">
  <testcase name="magicBricks" time="25.514" classname="pac1.Jenkins_2"/>
</testsuite> <!-- pac1.Jenkins_2 -->
